<?xml version="1.0" encoding="UTF-8"?>
<!-- Generated by org.testng.reporters.JUnitReportReporter -->
<testsuite skipped="0" hostname="idea-PC" name="testScripts.Module6_kotakInsurance" tests="1" failures="0" timestamp="16 Apr 2019 17:20:00 GMT" time="34.529" errors="0">
  <testcase name="TC601" time="34.529" classname="testScripts.Module6_kotakInsurance"/>
</testsuite> <!-- testScripts.Module6_kotakInsurance -->
