<?xml version="1.0" encoding="UTF-8"?>
<!-- Generated by org.testng.reporters.JUnitReportReporter -->
<testsuite skipped="0" hostname="idea-PC" name="testScripts.Module4" tests="2" failures="0" timestamp="12 Apr 2019 13:49:39 GMT" time="54.063" errors="0">
  <testcase name="TC402" time="26.270" classname="testScripts.Module4"/>
  <testcase name="TC401" time="27.793" classname="testScripts.Module4"/>
</testsuite> <!-- testScripts.Module4 -->
