<?xml version="1.0" encoding="UTF-8"?>
<!-- Generated by org.testng.reporters.JUnitReportReporter -->
<testsuite skipped="0" hostname="idea-PC" name="testScripts.Module1" tests="1" failures="0" timestamp="12 Apr 2019 13:49:39 GMT" time="38.558" errors="0">
  <testcase name="TC101" time="38.558" classname="testScripts.Module1"/>
</testsuite> <!-- testScripts.Module1 -->
