<?xml version="1.0" encoding="UTF-8"?>
<!-- Generated by org.testng.reporters.JUnitReportReporter -->
<testsuite skipped="0" hostname="idea-PC" name="testScripts.Module2" tests="1" failures="0" timestamp="12 Apr 2019 13:49:39 GMT" time="22.997" errors="0">
  <testcase name="TC201" time="22.997" classname="testScripts.Module2"/>
</testsuite> <!-- testScripts.Module2 -->
