<?xml version="1.0" encoding="UTF-8"?>
<!-- Generated by org.testng.reporters.JUnitReportReporter -->
<testsuite skipped="0" hostname="idea-PC" name="testScripts.Module2" tests="1" failures="0" timestamp="08 Apr 2019 03:18:08 GMT" time="30.898" errors="0">
  <testcase name="TC201" time="30.898" classname="testScripts.Module2"/>
</testsuite> <!-- testScripts.Module2 -->
