<?xml version="1.0" encoding="UTF-8"?>
<!-- Generated by org.testng.reporters.JUnitReportReporter -->
<testsuite skipped="0" hostname="idea-PC" name="testScripts.Module4" tests="1" failures="0" timestamp="08 Apr 2019 17:24:11 GMT" time="81.922" errors="0">
  <testcase name="TC402" time="81.922" classname="testScripts.Module4"/>
</testsuite> <!-- testScripts.Module4 -->
