<?xml version="1.0" encoding="UTF-8"?>
<!-- Generated by org.testng.reporters.JUnitReportReporter -->
<testsuite skipped="0" hostname="idea-PC" name="testScripts.Module1" tests="1" failures="0" timestamp="08 Apr 2019 03:18:08 GMT" time="50.985" errors="0">
  <testcase name="TC101" time="50.985" classname="testScripts.Module1"/>
</testsuite> <!-- testScripts.Module1 -->
