<?xml version="1.0" encoding="UTF-8"?>
<!-- Generated by org.testng.reporters.JUnitReportReporter -->
<testsuite skipped="0" hostname="idea-PC" name="testScripts.Module5" tests="1" failures="0" timestamp="09 Apr 2019 17:20:16 GMT" time="29.531" errors="0">
  <testcase name="TC505" time="29.531" classname="testScripts.Module5"/>
</testsuite> <!-- testScripts.Module5 -->
